Mon 07 Aug 2023 02:31:09 INFO ██Server: 	jupyter-485--256
Mon 07 Aug 2023 02:31:09 INFO ██Dir: 	/home/jovyan/work/MMRec/src

Mon 07 Aug 2023 02:31:09 INFO 
gpu_id=2
use_gpu=True
seed=[999]
data_path=../data/
inter_splitting_label=x_label
filter_out_cod_start_users=True
is_multimodal_model=True
checkpoint_dir=saved_Tun_param
save_recommended_topk=True
recommend_topk=recommend_topk/
embedding_size=64
weight_decay=0.0
req_training=True
epochs=1000
stopping_step=20
train_batch_size=8192
learner=adam
learning_rate=0.001
learning_rate_scheduler=[1.0, 50]
eval_step=5
training_neg_sample_num=1
use_neg_sampling=False
use_full_sampling=False
NEG_PREFIX=neg__
USER_ID_FIELD=user_id
ITEM_ID_FIELD=item_id
field_separator=	
metrics=['NDCG']
topk=[50]
valid_metric=NDCG@50
eval_batch_size=16384
use_raw_features=False
max_txt_len=32
max_img_size=256
vocab_size=30522
type_vocab_size=2
hidden_size=4
pad_token_id=0
max_position_embeddings=512
layer_norm_eps=1e-12
hidden_dropout_prob=0.1
end2end=False
hyper_parameters=['n_layers', 'reg_weight', 'dropout', 'seed']
RATING_FIELD=rating
inter_file_name=orignal_train.inter
vision_feature_file=image.npy
text_feature_file=text.npy
feat_embed_dim=64
n_layers=[1, 2]
dropout=[0.3, 0.5]
reg_weight=[0.1, 0.01]
cl_weight=2.0
model=BM3
dataset=dacon
valid_metric_bigger=True
device=cuda


Mon 07 Aug 2023 02:31:09 INFO dacon
The number of users: 192403
Average actions of users: 6.519861956414401
The number of items: 62989
Average actions of items: 19.91523916874375
The number of inters: 1254441
The sparsity of the dataset: 99.98964920548602%
Mon 07 Aug 2023 02:31:10 INFO 
====Training====
dacon
The number of users: 192403
Average actions of users: 4.356174280026819
The number of items: 62510
Average actions of items: 13.408110702287633
The number of inters: 838141
The sparsity of the dataset: 99.99303123615417%
Mon 07 Aug 2023 02:31:10 INFO 
====Validation====
dacon
The number of users: 192403
Average actions of users: 1.0614907251965926
The number of items: 47208
Average actions of items: 4.326258261311642
The number of inters: 204234
The sparsity of the dataset: 99.9977514600805%
Mon 07 Aug 2023 02:31:10 INFO 
====Testing====
dacon
The number of users: 192403
Average actions of users: 1.1021969511909897
The number of items: 47861
Average actions of items: 4.430872735630262
The number of inters: 212066
The sparsity of the dataset: 99.99769708750091%
Mon 07 Aug 2023 02:31:55 INFO 

=================================


Mon 07 Aug 2023 02:31:55 INFO =========1/8: Parameters:['n_layers', 'reg_weight', 'dropout', 'seed']=(1, 0.1, 0.3, 999)=======
Mon 07 Aug 2023 02:31:59 INFO BM3(
  (user_embedding): Embedding(192403, 64)
  (item_id_embedding): Embedding(63001, 64)
  (predictor): Linear(in_features=64, out_features=64, bias=True)
  (reg_loss): EmbLoss()
  (image_embedding): Embedding(63001, 4096)
  (image_trs): Linear(in_features=4096, out_features=64, bias=True)
  (text_embedding): Embedding(63001, 384)
  (text_trs): Linear(in_features=384, out_features=64, bias=True)
)
Trainable parameters: 298881344
Mon 07 Aug 2023 02:32:07 INFO epoch 0 training [time: 7.73s, train loss: 593.8212]
Mon 07 Aug 2023 02:32:13 INFO epoch 1 training [time: 6.85s, train loss: 313.0339]
Mon 07 Aug 2023 02:32:20 INFO epoch 2 training [time: 6.77s, train loss: 318.1790]
Mon 07 Aug 2023 02:32:27 INFO epoch 3 training [time: 6.77s, train loss: 320.7977]
Mon 07 Aug 2023 02:32:34 INFO epoch 4 training [time: 6.80s, train loss: 303.4107]
Mon 07 Aug 2023 02:33:50 INFO epoch 4 evaluating [time: 38.32s, valid_score: 0.018100]
Mon 07 Aug 2023 02:33:50 INFO valid result: 
ndcg@50: 0.0181    
Mon 07 Aug 2023 02:33:50 INFO test result: 
ndcg@50: 0.0184    
Mon 07 Aug 2023 02:33:50 INFO ██ BM3--Best validation results updated!!!
Mon 07 Aug 2023 02:33:57 INFO epoch 5 training [time: 6.80s, train loss: 304.1900]
Mon 07 Aug 2023 02:34:04 INFO epoch 6 training [time: 6.83s, train loss: 294.0793]
Mon 07 Aug 2023 02:34:10 INFO epoch 7 training [time: 6.84s, train loss: 281.3121]
Mon 07 Aug 2023 02:34:17 INFO epoch 8 training [time: 6.82s, train loss: 285.2852]
Mon 07 Aug 2023 02:34:24 INFO epoch 9 training [time: 6.78s, train loss: 284.2037]
Mon 07 Aug 2023 02:35:40 INFO epoch 9 evaluating [time: 38.29s, valid_score: 0.019800]
Mon 07 Aug 2023 02:35:40 INFO valid result: 
ndcg@50: 0.0198    
Mon 07 Aug 2023 02:35:40 INFO test result: 
ndcg@50: 0.0204    
Mon 07 Aug 2023 02:35:40 INFO ██ BM3--Best validation results updated!!!
Mon 07 Aug 2023 02:35:47 INFO epoch 10 training [time: 6.84s, train loss: 276.3634]
Mon 07 Aug 2023 02:35:54 INFO epoch 11 training [time: 6.82s, train loss: 267.5261]
Mon 07 Aug 2023 02:36:01 INFO epoch 12 training [time: 6.81s, train loss: 261.2335]
Mon 07 Aug 2023 02:36:08 INFO epoch 13 training [time: 6.82s, train loss: 267.9153]
Mon 07 Aug 2023 02:36:15 INFO epoch 14 training [time: 6.83s, train loss: 274.8604]
Mon 07 Aug 2023 02:37:32 INFO epoch 14 evaluating [time: 38.50s, valid_score: 0.021100]
Mon 07 Aug 2023 02:37:32 INFO valid result: 
ndcg@50: 0.0211    
Mon 07 Aug 2023 02:37:32 INFO test result: 
ndcg@50: 0.0216    
Mon 07 Aug 2023 02:37:32 INFO ██ BM3--Best validation results updated!!!
Mon 07 Aug 2023 02:37:38 INFO epoch 15 training [time: 6.81s, train loss: 263.3383]
Mon 07 Aug 2023 02:37:45 INFO epoch 16 training [time: 6.80s, train loss: 250.1712]
Mon 07 Aug 2023 02:37:52 INFO epoch 17 training [time: 6.82s, train loss: 240.9847]
Mon 07 Aug 2023 02:37:59 INFO epoch 18 training [time: 6.81s, train loss: 239.1029]
Mon 07 Aug 2023 02:38:06 INFO epoch 19 training [time: 6.82s, train loss: 250.2929]
Mon 07 Aug 2023 02:39:22 INFO epoch 19 evaluating [time: 38.28s, valid_score: 0.021800]
Mon 07 Aug 2023 02:39:22 INFO valid result: 
ndcg@50: 0.0218    
Mon 07 Aug 2023 02:39:22 INFO test result: 
ndcg@50: 0.0223    
Mon 07 Aug 2023 02:39:22 INFO ██ BM3--Best validation results updated!!!
Mon 07 Aug 2023 02:39:29 INFO epoch 20 training [time: 6.80s, train loss: 255.7870]
Mon 07 Aug 2023 02:39:36 INFO epoch 21 training [time: 6.83s, train loss: 251.3424]
Mon 07 Aug 2023 02:39:42 INFO epoch 22 training [time: 6.81s, train loss: 248.3283]
Mon 07 Aug 2023 02:39:49 INFO epoch 23 training [time: 6.80s, train loss: 244.7789]
Mon 07 Aug 2023 02:39:56 INFO epoch 24 training [time: 6.84s, train loss: 243.9406]
Mon 07 Aug 2023 02:41:13 INFO epoch 24 evaluating [time: 38.32s, valid_score: 0.022400]
Mon 07 Aug 2023 02:41:13 INFO valid result: 
ndcg@50: 0.0224    
Mon 07 Aug 2023 02:41:13 INFO test result: 
ndcg@50: 0.0230    
Mon 07 Aug 2023 02:41:13 INFO ██ BM3--Best validation results updated!!!
Mon 07 Aug 2023 02:41:19 INFO epoch 25 training [time: 6.80s, train loss: 244.2220]
Mon 07 Aug 2023 02:41:26 INFO epoch 26 training [time: 6.79s, train loss: 255.9285]
Mon 07 Aug 2023 02:41:33 INFO epoch 27 training [time: 6.80s, train loss: 259.4222]
Mon 07 Aug 2023 02:41:40 INFO epoch 28 training [time: 6.82s, train loss: 258.2025]
Mon 07 Aug 2023 02:41:47 INFO epoch 29 training [time: 6.80s, train loss: 255.5117]
Mon 07 Aug 2023 02:43:03 INFO epoch 29 evaluating [time: 38.44s, valid_score: 0.022900]
Mon 07 Aug 2023 02:43:03 INFO valid result: 
ndcg@50: 0.0229    
Mon 07 Aug 2023 02:43:03 INFO test result: 
ndcg@50: 0.0235    
Mon 07 Aug 2023 02:43:03 INFO ██ BM3--Best validation results updated!!!
Mon 07 Aug 2023 02:43:10 INFO epoch 30 training [time: 6.82s, train loss: 249.4744]
Mon 07 Aug 2023 02:43:17 INFO epoch 31 training [time: 6.82s, train loss: 243.2922]
Mon 07 Aug 2023 02:43:23 INFO epoch 32 training [time: 6.81s, train loss: 239.8030]
Mon 07 Aug 2023 02:43:30 INFO epoch 33 training [time: 6.82s, train loss: 238.0585]
Mon 07 Aug 2023 02:43:37 INFO epoch 34 training [time: 6.79s, train loss: 236.5121]
Mon 07 Aug 2023 02:44:54 INFO epoch 34 evaluating [time: 38.27s, valid_score: 0.023400]
Mon 07 Aug 2023 02:44:54 INFO valid result: 
ndcg@50: 0.0234    
Mon 07 Aug 2023 02:44:54 INFO test result: 
ndcg@50: 0.0239    
Mon 07 Aug 2023 02:44:54 INFO ██ BM3--Best validation results updated!!!
Mon 07 Aug 2023 02:45:00 INFO epoch 35 training [time: 6.78s, train loss: 244.3323]
Mon 07 Aug 2023 02:45:07 INFO epoch 36 training [time: 6.80s, train loss: 250.1443]
Mon 07 Aug 2023 02:45:14 INFO epoch 37 training [time: 6.78s, train loss: 246.2416]
Mon 07 Aug 2023 02:45:21 INFO epoch 38 training [time: 6.81s, train loss: 251.1163]
Mon 07 Aug 2023 02:45:28 INFO epoch 39 training [time: 6.83s, train loss: 245.4272]
Mon 07 Aug 2023 02:46:44 INFO epoch 39 evaluating [time: 38.39s, valid_score: 0.023800]
Mon 07 Aug 2023 02:46:44 INFO valid result: 
ndcg@50: 0.0238    
Mon 07 Aug 2023 02:46:44 INFO test result: 
ndcg@50: 0.0243    
Mon 07 Aug 2023 02:46:44 INFO ██ BM3--Best validation results updated!!!
Mon 07 Aug 2023 02:46:51 INFO epoch 40 training [time: 6.81s, train loss: 243.2909]
Mon 07 Aug 2023 02:46:58 INFO epoch 41 training [time: 6.87s, train loss: 241.0625]
Mon 07 Aug 2023 02:47:05 INFO epoch 42 training [time: 6.82s, train loss: 255.2109]
Mon 07 Aug 2023 02:47:11 INFO epoch 43 training [time: 6.82s, train loss: 261.4871]
Mon 07 Aug 2023 02:47:18 INFO epoch 44 training [time: 6.80s, train loss: 255.3521]
Mon 07 Aug 2023 02:48:34 INFO epoch 44 evaluating [time: 38.22s, valid_score: 0.024200]
Mon 07 Aug 2023 02:48:34 INFO valid result: 
ndcg@50: 0.0242    
Mon 07 Aug 2023 02:48:34 INFO test result: 
ndcg@50: 0.0246    
Mon 07 Aug 2023 02:48:34 INFO ██ BM3--Best validation results updated!!!
Mon 07 Aug 2023 02:48:41 INFO epoch 45 training [time: 6.83s, train loss: 247.3864]
Mon 07 Aug 2023 02:48:48 INFO epoch 46 training [time: 6.80s, train loss: 242.5234]
Mon 07 Aug 2023 02:48:55 INFO epoch 47 training [time: 6.81s, train loss: 240.6664]
Mon 07 Aug 2023 02:49:02 INFO epoch 48 training [time: 6.83s, train loss: 238.8036]
Mon 07 Aug 2023 02:49:09 INFO epoch 49 training [time: 6.81s, train loss: 236.5018]
Mon 07 Aug 2023 02:50:25 INFO epoch 49 evaluating [time: 38.26s, valid_score: 0.024400]
Mon 07 Aug 2023 02:50:25 INFO valid result: 
ndcg@50: 0.0244    
Mon 07 Aug 2023 02:50:25 INFO test result: 
ndcg@50: 0.0250    
Mon 07 Aug 2023 02:50:25 INFO ██ BM3--Best validation results updated!!!
Mon 07 Aug 2023 02:50:31 INFO epoch 50 training [time: 6.79s, train loss: 234.8340]
Mon 07 Aug 2023 02:50:38 INFO epoch 51 training [time: 6.78s, train loss: 233.7282]
Mon 07 Aug 2023 02:50:45 INFO epoch 52 training [time: 6.80s, train loss: 233.2608]
Mon 07 Aug 2023 02:50:52 INFO epoch 53 training [time: 6.78s, train loss: 232.5821]
Mon 07 Aug 2023 02:50:58 INFO epoch 54 training [time: 6.78s, train loss: 232.0218]
Mon 07 Aug 2023 02:52:15 INFO epoch 54 evaluating [time: 38.62s, valid_score: 0.024800]
Mon 07 Aug 2023 02:52:15 INFO valid result: 
ndcg@50: 0.0248    
Mon 07 Aug 2023 02:52:15 INFO test result: 
ndcg@50: 0.0252    
Mon 07 Aug 2023 02:52:15 INFO ██ BM3--Best validation results updated!!!
Mon 07 Aug 2023 02:52:22 INFO epoch 55 training [time: 6.78s, train loss: 231.3568]
Mon 07 Aug 2023 02:52:29 INFO epoch 56 training [time: 6.79s, train loss: 241.6096]
Mon 07 Aug 2023 02:52:36 INFO epoch 57 training [time: 6.83s, train loss: 238.2029]
Mon 07 Aug 2023 02:52:43 INFO epoch 58 training [time: 6.83s, train loss: 234.8810]
Mon 07 Aug 2023 02:52:50 INFO epoch 59 training [time: 6.81s, train loss: 235.8291]
Mon 07 Aug 2023 02:54:05 INFO epoch 59 evaluating [time: 37.99s, valid_score: 0.025000]
Mon 07 Aug 2023 02:54:05 INFO valid result: 
ndcg@50: 0.0250    
Mon 07 Aug 2023 02:54:05 INFO test result: 
ndcg@50: 0.0255    
Mon 07 Aug 2023 02:54:05 INFO ██ BM3--Best validation results updated!!!
Mon 07 Aug 2023 02:54:12 INFO epoch 60 training [time: 6.80s, train loss: 235.4140]
Mon 07 Aug 2023 02:54:19 INFO epoch 61 training [time: 6.80s, train loss: 234.6895]
Mon 07 Aug 2023 02:54:26 INFO epoch 62 training [time: 6.80s, train loss: 234.1849]
Mon 07 Aug 2023 02:54:32 INFO epoch 63 training [time: 6.81s, train loss: 233.6146]
Mon 07 Aug 2023 02:54:39 INFO epoch 64 training [time: 6.81s, train loss: 242.5911]
Mon 07 Aug 2023 02:55:55 INFO epoch 64 evaluating [time: 38.15s, valid_score: 0.025200]
Mon 07 Aug 2023 02:55:55 INFO valid result: 
ndcg@50: 0.0252    
Mon 07 Aug 2023 02:55:55 INFO test result: 
ndcg@50: 0.0257    
Mon 07 Aug 2023 02:55:55 INFO ██ BM3--Best validation results updated!!!
Mon 07 Aug 2023 02:56:02 INFO epoch 65 training [time: 6.79s, train loss: 244.8339]
Mon 07 Aug 2023 02:56:09 INFO epoch 66 training [time: 6.79s, train loss: 241.3927]
Mon 07 Aug 2023 02:56:16 INFO epoch 67 training [time: 6.78s, train loss: 240.0284]
Mon 07 Aug 2023 02:56:23 INFO epoch 68 training [time: 6.81s, train loss: 238.6503]
Mon 07 Aug 2023 02:56:29 INFO epoch 69 training [time: 6.80s, train loss: 237.4260]
Mon 07 Aug 2023 02:57:46 INFO epoch 69 evaluating [time: 38.31s, valid_score: 0.025500]
Mon 07 Aug 2023 02:57:46 INFO valid result: 
ndcg@50: 0.0255    
Mon 07 Aug 2023 02:57:46 INFO test result: 
ndcg@50: 0.0260    
Mon 07 Aug 2023 02:57:46 INFO ██ BM3--Best validation results updated!!!
Mon 07 Aug 2023 02:57:52 INFO epoch 70 training [time: 6.79s, train loss: 236.1900]
Mon 07 Aug 2023 02:57:59 INFO epoch 71 training [time: 6.78s, train loss: 235.0145]
Mon 07 Aug 2023 02:58:06 INFO epoch 72 training [time: 6.80s, train loss: 234.2160]
Mon 07 Aug 2023 02:58:13 INFO epoch 73 training [time: 6.81s, train loss: 233.1368]
Mon 07 Aug 2023 02:58:20 INFO epoch 74 training [time: 6.78s, train loss: 232.3785]
Mon 07 Aug 2023 02:59:35 INFO epoch 74 evaluating [time: 37.61s, valid_score: 0.025700]
Mon 07 Aug 2023 02:59:35 INFO valid result: 
ndcg@50: 0.0257    
Mon 07 Aug 2023 02:59:35 INFO test result: 
ndcg@50: 0.0263    
Mon 07 Aug 2023 02:59:35 INFO ██ BM3--Best validation results updated!!!
Mon 07 Aug 2023 02:59:42 INFO epoch 75 training [time: 6.80s, train loss: 231.9371]
Mon 07 Aug 2023 02:59:48 INFO epoch 76 training [time: 6.79s, train loss: 231.2933]
Mon 07 Aug 2023 02:59:55 INFO epoch 77 training [time: 6.80s, train loss: 230.9043]
Mon 07 Aug 2023 03:00:02 INFO epoch 78 training [time: 6.80s, train loss: 230.4803]
Mon 07 Aug 2023 03:00:09 INFO epoch 79 training [time: 6.80s, train loss: 230.2119]
Mon 07 Aug 2023 03:01:25 INFO epoch 79 evaluating [time: 38.27s, valid_score: 0.025900]
Mon 07 Aug 2023 03:01:25 INFO valid result: 
ndcg@50: 0.0259    
Mon 07 Aug 2023 03:01:25 INFO test result: 
ndcg@50: 0.0264    
Mon 07 Aug 2023 03:01:25 INFO ██ BM3--Best validation results updated!!!
Mon 07 Aug 2023 03:01:32 INFO epoch 80 training [time: 6.78s, train loss: 229.9636]
Mon 07 Aug 2023 03:01:39 INFO epoch 81 training [time: 6.82s, train loss: 229.8753]
Mon 07 Aug 2023 03:01:45 INFO epoch 82 training [time: 6.82s, train loss: 229.5842]
Mon 07 Aug 2023 03:01:52 INFO epoch 83 training [time: 6.80s, train loss: 229.6521]
Mon 07 Aug 2023 03:01:59 INFO epoch 84 training [time: 6.79s, train loss: 229.6836]
Mon 07 Aug 2023 03:03:15 INFO epoch 84 evaluating [time: 38.15s, valid_score: 0.026100]
Mon 07 Aug 2023 03:03:15 INFO valid result: 
ndcg@50: 0.0261    
Mon 07 Aug 2023 03:03:15 INFO test result: 
ndcg@50: 0.0267    
Mon 07 Aug 2023 03:03:15 INFO ██ BM3--Best validation results updated!!!
Mon 07 Aug 2023 03:03:22 INFO epoch 85 training [time: 6.81s, train loss: 229.5505]
Mon 07 Aug 2023 03:03:29 INFO epoch 86 training [time: 6.82s, train loss: 229.6117]
Mon 07 Aug 2023 03:03:36 INFO epoch 87 training [time: 6.81s, train loss: 229.6631]
Mon 07 Aug 2023 03:03:42 INFO epoch 88 training [time: 6.85s, train loss: 229.6283]
Mon 07 Aug 2023 03:03:49 INFO epoch 89 training [time: 6.85s, train loss: 229.6691]
Mon 07 Aug 2023 03:05:05 INFO epoch 89 evaluating [time: 37.85s, valid_score: 0.026200]
Mon 07 Aug 2023 03:05:05 INFO valid result: 
ndcg@50: 0.0262    
Mon 07 Aug 2023 03:05:05 INFO test result: 
ndcg@50: 0.0267    
Mon 07 Aug 2023 03:05:05 INFO ██ BM3--Best validation results updated!!!
Mon 07 Aug 2023 03:05:12 INFO epoch 90 training [time: 6.81s, train loss: 229.6643]
Mon 07 Aug 2023 03:05:18 INFO epoch 91 training [time: 6.81s, train loss: 229.6732]
Mon 07 Aug 2023 03:05:25 INFO epoch 92 training [time: 6.82s, train loss: 229.6866]
Mon 07 Aug 2023 03:05:32 INFO epoch 93 training [time: 6.84s, train loss: 229.7130]
Mon 07 Aug 2023 03:05:39 INFO epoch 94 training [time: 6.89s, train loss: 229.6869]
Mon 07 Aug 2023 03:06:55 INFO epoch 94 evaluating [time: 38.19s, valid_score: 0.026400]
Mon 07 Aug 2023 03:06:55 INFO valid result: 
ndcg@50: 0.0264    
Mon 07 Aug 2023 03:06:55 INFO test result: 
ndcg@50: 0.0269    
Mon 07 Aug 2023 03:06:55 INFO ██ BM3--Best validation results updated!!!
Mon 07 Aug 2023 03:07:02 INFO epoch 95 training [time: 6.88s, train loss: 229.6533]
Mon 07 Aug 2023 03:07:09 INFO epoch 96 training [time: 6.88s, train loss: 229.7578]
Mon 07 Aug 2023 03:07:16 INFO epoch 97 training [time: 6.84s, train loss: 229.7021]
Mon 07 Aug 2023 03:07:22 INFO epoch 98 training [time: 6.84s, train loss: 229.7162]
Mon 07 Aug 2023 03:07:29 INFO epoch 99 training [time: 6.80s, train loss: 229.8264]
Mon 07 Aug 2023 03:08:46 INFO epoch 99 evaluating [time: 38.91s, valid_score: 0.026500]
Mon 07 Aug 2023 03:08:46 INFO valid result: 
ndcg@50: 0.0265    
Mon 07 Aug 2023 03:08:46 INFO test result: 
ndcg@50: 0.0270    
Mon 07 Aug 2023 03:08:46 INFO ██ BM3--Best validation results updated!!!
Mon 07 Aug 2023 03:08:53 INFO epoch 100 training [time: 6.79s, train loss: 229.7187]
Mon 07 Aug 2023 03:09:00 INFO epoch 101 training [time: 6.77s, train loss: 229.7513]
Mon 07 Aug 2023 03:09:07 INFO epoch 102 training [time: 6.81s, train loss: 229.7151]
Mon 07 Aug 2023 03:09:13 INFO epoch 103 training [time: 6.82s, train loss: 229.8077]
Mon 07 Aug 2023 03:09:20 INFO epoch 104 training [time: 6.82s, train loss: 229.8906]
Mon 07 Aug 2023 03:10:38 INFO epoch 104 evaluating [time: 39.08s, valid_score: 0.026600]
Mon 07 Aug 2023 03:10:38 INFO valid result: 
ndcg@50: 0.0266    
Mon 07 Aug 2023 03:10:38 INFO test result: 
ndcg@50: 0.0272    
Mon 07 Aug 2023 03:10:38 INFO ██ BM3--Best validation results updated!!!
Mon 07 Aug 2023 03:10:45 INFO epoch 105 training [time: 6.83s, train loss: 229.8647]
Mon 07 Aug 2023 03:10:52 INFO epoch 106 training [time: 6.82s, train loss: 229.8960]
Mon 07 Aug 2023 03:10:59 INFO epoch 107 training [time: 6.83s, train loss: 229.8875]
Mon 07 Aug 2023 03:11:05 INFO epoch 108 training [time: 6.83s, train loss: 229.9399]
Mon 07 Aug 2023 03:11:12 INFO epoch 109 training [time: 6.86s, train loss: 229.9467]
Mon 07 Aug 2023 03:12:29 INFO epoch 109 evaluating [time: 38.38s, valid_score: 0.026700]
Mon 07 Aug 2023 03:12:29 INFO valid result: 
ndcg@50: 0.0267    
Mon 07 Aug 2023 03:12:29 INFO test result: 
ndcg@50: 0.0272    
Mon 07 Aug 2023 03:12:29 INFO ██ BM3--Best validation results updated!!!
Mon 07 Aug 2023 03:12:36 INFO epoch 110 training [time: 6.79s, train loss: 230.0197]
Mon 07 Aug 2023 03:12:43 INFO epoch 111 training [time: 6.89s, train loss: 229.9580]
Mon 07 Aug 2023 03:12:49 INFO epoch 112 training [time: 6.82s, train loss: 230.0291]
Mon 07 Aug 2023 03:12:56 INFO epoch 113 training [time: 6.81s, train loss: 230.1094]
Mon 07 Aug 2023 03:13:03 INFO epoch 114 training [time: 6.80s, train loss: 230.1300]
Mon 07 Aug 2023 03:14:19 INFO epoch 114 evaluating [time: 38.00s, valid_score: 0.026800]
Mon 07 Aug 2023 03:14:19 INFO valid result: 
ndcg@50: 0.0268    
Mon 07 Aug 2023 03:14:19 INFO test result: 
ndcg@50: 0.0273    
Mon 07 Aug 2023 03:14:19 INFO ██ BM3--Best validation results updated!!!
Mon 07 Aug 2023 03:14:26 INFO epoch 115 training [time: 6.79s, train loss: 230.2235]
Mon 07 Aug 2023 03:14:33 INFO epoch 116 training [time: 6.76s, train loss: 230.2412]
Mon 07 Aug 2023 03:14:40 INFO epoch 117 training [time: 6.80s, train loss: 230.2790]
Mon 07 Aug 2023 03:14:46 INFO epoch 118 training [time: 6.80s, train loss: 230.1858]
Mon 07 Aug 2023 03:14:53 INFO epoch 119 training [time: 6.82s, train loss: 230.2666]
Mon 07 Aug 2023 03:16:10 INFO epoch 119 evaluating [time: 38.60s, valid_score: 0.026900]
Mon 07 Aug 2023 03:16:10 INFO valid result: 
ndcg@50: 0.0269    
Mon 07 Aug 2023 03:16:10 INFO test result: 
ndcg@50: 0.0275    
Mon 07 Aug 2023 03:16:10 INFO ██ BM3--Best validation results updated!!!
Mon 07 Aug 2023 03:16:17 INFO epoch 120 training [time: 6.81s, train loss: 230.2456]
Mon 07 Aug 2023 03:16:24 INFO epoch 121 training [time: 6.79s, train loss: 230.3329]
Mon 07 Aug 2023 03:16:30 INFO epoch 122 training [time: 6.80s, train loss: 230.3756]
Mon 07 Aug 2023 03:16:37 INFO epoch 123 training [time: 6.81s, train loss: 230.3947]
Mon 07 Aug 2023 03:16:44 INFO epoch 124 training [time: 6.86s, train loss: 230.4250]
Mon 07 Aug 2023 03:18:01 INFO epoch 124 evaluating [time: 38.73s, valid_score: 0.027000]
Mon 07 Aug 2023 03:18:01 INFO valid result: 
ndcg@50: 0.0270    
Mon 07 Aug 2023 03:18:01 INFO test result: 
ndcg@50: 0.0276    
Mon 07 Aug 2023 03:18:01 INFO ██ BM3--Best validation results updated!!!
Mon 07 Aug 2023 03:18:08 INFO epoch 125 training [time: 6.79s, train loss: 230.4536]
Mon 07 Aug 2023 03:18:15 INFO epoch 126 training [time: 6.80s, train loss: 230.4488]
Mon 07 Aug 2023 03:18:22 INFO epoch 127 training [time: 6.79s, train loss: 230.4230]
Mon 07 Aug 2023 03:18:28 INFO epoch 128 training [time: 6.78s, train loss: 230.5252]
Mon 07 Aug 2023 03:18:35 INFO epoch 129 training [time: 6.78s, train loss: 230.5516]
Mon 07 Aug 2023 03:19:52 INFO epoch 129 evaluating [time: 38.35s, valid_score: 0.027200]
Mon 07 Aug 2023 03:19:52 INFO valid result: 
ndcg@50: 0.0272    
Mon 07 Aug 2023 03:19:52 INFO test result: 
ndcg@50: 0.0277    
Mon 07 Aug 2023 03:19:52 INFO ██ BM3--Best validation results updated!!!
Mon 07 Aug 2023 03:19:58 INFO epoch 130 training [time: 6.80s, train loss: 230.5643]
Mon 07 Aug 2023 03:20:05 INFO epoch 131 training [time: 6.81s, train loss: 230.5950]
Mon 07 Aug 2023 03:20:12 INFO epoch 132 training [time: 6.83s, train loss: 230.6423]
Mon 07 Aug 2023 03:20:19 INFO epoch 133 training [time: 6.82s, train loss: 230.6817]
Mon 07 Aug 2023 03:20:26 INFO epoch 134 training [time: 6.85s, train loss: 230.6868]
Mon 07 Aug 2023 03:21:41 INFO epoch 134 evaluating [time: 37.64s, valid_score: 0.027300]
Mon 07 Aug 2023 03:21:41 INFO valid result: 
ndcg@50: 0.0273    
Mon 07 Aug 2023 03:21:41 INFO test result: 
ndcg@50: 0.0277    
Mon 07 Aug 2023 03:21:41 INFO ██ BM3--Best validation results updated!!!
Mon 07 Aug 2023 03:21:48 INFO epoch 135 training [time: 6.78s, train loss: 230.6737]
Mon 07 Aug 2023 03:21:55 INFO epoch 136 training [time: 6.79s, train loss: 230.6790]
Mon 07 Aug 2023 03:22:02 INFO epoch 137 training [time: 6.79s, train loss: 230.7044]
Mon 07 Aug 2023 03:22:09 INFO epoch 138 training [time: 6.80s, train loss: 230.8081]
Mon 07 Aug 2023 03:22:15 INFO epoch 139 training [time: 6.79s, train loss: 230.8054]
Mon 07 Aug 2023 03:23:32 INFO epoch 139 evaluating [time: 38.57s, valid_score: 0.027400]
Mon 07 Aug 2023 03:23:32 INFO valid result: 
ndcg@50: 0.0274    
Mon 07 Aug 2023 03:23:32 INFO test result: 
ndcg@50: 0.0278    
Mon 07 Aug 2023 03:23:32 INFO ██ BM3--Best validation results updated!!!
Mon 07 Aug 2023 03:23:39 INFO epoch 140 training [time: 6.80s, train loss: 230.8463]
Mon 07 Aug 2023 03:23:46 INFO epoch 141 training [time: 6.80s, train loss: 230.9021]
Mon 07 Aug 2023 03:23:53 INFO epoch 142 training [time: 6.81s, train loss: 230.8175]
Mon 07 Aug 2023 03:23:59 INFO epoch 143 training [time: 6.79s, train loss: 230.8960]
Mon 07 Aug 2023 03:24:06 INFO epoch 144 training [time: 6.81s, train loss: 230.9140]
Mon 07 Aug 2023 03:25:22 INFO epoch 144 evaluating [time: 37.74s, valid_score: 0.027400]
Mon 07 Aug 2023 03:25:22 INFO valid result: 
ndcg@50: 0.0274    
Mon 07 Aug 2023 03:25:22 INFO test result: 
ndcg@50: 0.0279    
Mon 07 Aug 2023 03:25:29 INFO epoch 145 training [time: 6.78s, train loss: 230.9571]
Mon 07 Aug 2023 03:25:35 INFO epoch 146 training [time: 6.79s, train loss: 231.0611]
Mon 07 Aug 2023 03:25:42 INFO epoch 147 training [time: 6.84s, train loss: 231.1240]
Mon 07 Aug 2023 03:25:49 INFO epoch 148 training [time: 6.81s, train loss: 231.0775]
Mon 07 Aug 2023 03:25:56 INFO epoch 149 training [time: 6.81s, train loss: 231.1376]
Mon 07 Aug 2023 03:27:13 INFO epoch 149 evaluating [time: 38.90s, valid_score: 0.027400]
Mon 07 Aug 2023 03:27:13 INFO valid result: 
ndcg@50: 0.0274    
Mon 07 Aug 2023 03:27:13 INFO test result: 
ndcg@50: 0.0280    
Mon 07 Aug 2023 03:27:19 INFO epoch 150 training [time: 6.79s, train loss: 231.0897]
Mon 07 Aug 2023 03:27:26 INFO epoch 151 training [time: 6.83s, train loss: 231.0127]
Mon 07 Aug 2023 03:27:33 INFO epoch 152 training [time: 6.81s, train loss: 231.2218]
Mon 07 Aug 2023 03:27:40 INFO epoch 153 training [time: 6.81s, train loss: 231.2345]
Mon 07 Aug 2023 03:27:47 INFO epoch 154 training [time: 6.81s, train loss: 231.1825]
Mon 07 Aug 2023 03:29:04 INFO epoch 154 evaluating [time: 39.02s, valid_score: 0.027500]
Mon 07 Aug 2023 03:29:04 INFO valid result: 
ndcg@50: 0.0275    
Mon 07 Aug 2023 03:29:04 INFO test result: 
ndcg@50: 0.0281    
Mon 07 Aug 2023 03:29:04 INFO ██ BM3--Best validation results updated!!!
Mon 07 Aug 2023 03:29:11 INFO epoch 155 training [time: 6.81s, train loss: 231.2944]
Mon 07 Aug 2023 03:29:18 INFO epoch 156 training [time: 6.84s, train loss: 231.1747]
Mon 07 Aug 2023 03:29:25 INFO epoch 157 training [time: 6.81s, train loss: 231.2509]
Mon 07 Aug 2023 03:29:32 INFO epoch 158 training [time: 6.79s, train loss: 231.3133]
Mon 07 Aug 2023 03:29:38 INFO epoch 159 training [time: 6.79s, train loss: 231.3813]
Mon 07 Aug 2023 03:30:55 INFO epoch 159 evaluating [time: 38.34s, valid_score: 0.027600]
Mon 07 Aug 2023 03:30:55 INFO valid result: 
ndcg@50: 0.0276    
Mon 07 Aug 2023 03:30:55 INFO test result: 
ndcg@50: 0.0281    
Mon 07 Aug 2023 03:30:55 INFO ██ BM3--Best validation results updated!!!
Mon 07 Aug 2023 03:31:02 INFO epoch 160 training [time: 6.82s, train loss: 231.3480]
Mon 07 Aug 2023 03:31:08 INFO epoch 161 training [time: 6.80s, train loss: 231.3367]
Mon 07 Aug 2023 03:31:15 INFO epoch 162 training [time: 6.85s, train loss: 231.4016]
Mon 07 Aug 2023 03:31:22 INFO epoch 163 training [time: 6.82s, train loss: 231.4653]
Mon 07 Aug 2023 03:31:29 INFO epoch 164 training [time: 6.80s, train loss: 231.4337]
Mon 07 Aug 2023 03:32:45 INFO epoch 164 evaluating [time: 38.01s, valid_score: 0.027600]
Mon 07 Aug 2023 03:32:45 INFO valid result: 
ndcg@50: 0.0276    
Mon 07 Aug 2023 03:32:45 INFO test result: 
ndcg@50: 0.0281    
Mon 07 Aug 2023 03:32:52 INFO epoch 165 training [time: 6.79s, train loss: 231.5492]
Mon 07 Aug 2023 03:32:58 INFO epoch 166 training [time: 6.78s, train loss: 231.4773]
Mon 07 Aug 2023 03:33:05 INFO epoch 167 training [time: 6.83s, train loss: 231.6281]
Mon 07 Aug 2023 03:33:12 INFO epoch 168 training [time: 6.82s, train loss: 231.5255]
Mon 07 Aug 2023 03:33:19 INFO epoch 169 training [time: 6.80s, train loss: 231.5119]
Mon 07 Aug 2023 03:34:34 INFO epoch 169 evaluating [time: 38.10s, valid_score: 0.027700]
Mon 07 Aug 2023 03:34:34 INFO valid result: 
ndcg@50: 0.0277    
Mon 07 Aug 2023 03:34:34 INFO test result: 
ndcg@50: 0.0282    
Mon 07 Aug 2023 03:34:34 INFO ██ BM3--Best validation results updated!!!
Mon 07 Aug 2023 03:34:41 INFO epoch 170 training [time: 6.80s, train loss: 231.6165]
Mon 07 Aug 2023 03:34:48 INFO epoch 171 training [time: 6.79s, train loss: 231.6693]
Mon 07 Aug 2023 03:34:55 INFO epoch 172 training [time: 6.79s, train loss: 231.6582]
Mon 07 Aug 2023 03:35:02 INFO epoch 173 training [time: 6.80s, train loss: 231.6138]
Mon 07 Aug 2023 03:35:08 INFO epoch 174 training [time: 6.80s, train loss: 231.7137]
Mon 07 Aug 2023 03:36:25 INFO epoch 174 evaluating [time: 38.46s, valid_score: 0.027800]
Mon 07 Aug 2023 03:36:25 INFO valid result: 
ndcg@50: 0.0278    
Mon 07 Aug 2023 03:36:25 INFO test result: 
ndcg@50: 0.0283    
Mon 07 Aug 2023 03:36:25 INFO ██ BM3--Best validation results updated!!!
Mon 07 Aug 2023 03:36:32 INFO epoch 175 training [time: 6.79s, train loss: 231.8037]
Mon 07 Aug 2023 03:36:39 INFO epoch 176 training [time: 6.80s, train loss: 231.7206]
Mon 07 Aug 2023 03:36:46 INFO epoch 177 training [time: 6.81s, train loss: 231.7617]
Mon 07 Aug 2023 03:36:52 INFO epoch 178 training [time: 6.80s, train loss: 231.8310]
Mon 07 Aug 2023 03:36:59 INFO epoch 179 training [time: 6.81s, train loss: 231.8139]
Mon 07 Aug 2023 03:38:16 INFO epoch 179 evaluating [time: 38.42s, valid_score: 0.027800]
Mon 07 Aug 2023 03:38:16 INFO valid result: 
ndcg@50: 0.0278    
Mon 07 Aug 2023 03:38:16 INFO test result: 
ndcg@50: 0.0283    
Mon 07 Aug 2023 03:38:23 INFO epoch 180 training [time: 6.80s, train loss: 231.8063]
Mon 07 Aug 2023 03:38:29 INFO epoch 181 training [time: 6.77s, train loss: 231.9468]
Mon 07 Aug 2023 03:38:36 INFO epoch 182 training [time: 6.81s, train loss: 231.8766]
Mon 07 Aug 2023 03:38:43 INFO epoch 183 training [time: 6.84s, train loss: 231.8891]
Mon 07 Aug 2023 03:38:50 INFO epoch 184 training [time: 6.81s, train loss: 231.8683]
Mon 07 Aug 2023 03:40:06 INFO epoch 184 evaluating [time: 38.00s, valid_score: 0.027800]
Mon 07 Aug 2023 03:40:06 INFO valid result: 
ndcg@50: 0.0278    
Mon 07 Aug 2023 03:40:06 INFO test result: 
ndcg@50: 0.0284    
Mon 07 Aug 2023 03:40:13 INFO epoch 185 training [time: 6.80s, train loss: 232.0226]
Mon 07 Aug 2023 03:40:20 INFO epoch 186 training [time: 6.81s, train loss: 231.9917]
Mon 07 Aug 2023 03:40:26 INFO epoch 187 training [time: 6.83s, train loss: 231.9315]
Mon 07 Aug 2023 03:40:33 INFO epoch 188 training [time: 6.81s, train loss: 232.0630]
Mon 07 Aug 2023 03:40:40 INFO epoch 189 training [time: 6.83s, train loss: 232.0012]
Mon 07 Aug 2023 03:41:56 INFO epoch 189 evaluating [time: 38.15s, valid_score: 0.027900]
Mon 07 Aug 2023 03:41:56 INFO valid result: 
ndcg@50: 0.0279    
Mon 07 Aug 2023 03:41:56 INFO test result: 
ndcg@50: 0.0284    
Mon 07 Aug 2023 03:41:56 INFO ██ BM3--Best validation results updated!!!
Mon 07 Aug 2023 03:42:03 INFO epoch 190 training [time: 6.79s, train loss: 232.1673]
Mon 07 Aug 2023 03:42:10 INFO epoch 191 training [time: 6.80s, train loss: 232.1361]
Mon 07 Aug 2023 03:42:17 INFO epoch 192 training [time: 6.82s, train loss: 232.0854]
Mon 07 Aug 2023 03:42:23 INFO epoch 193 training [time: 6.82s, train loss: 232.1788]
Mon 07 Aug 2023 03:42:30 INFO epoch 194 training [time: 6.80s, train loss: 232.2075]
Mon 07 Aug 2023 03:43:46 INFO epoch 194 evaluating [time: 37.64s, valid_score: 0.028000]
Mon 07 Aug 2023 03:43:46 INFO valid result: 
ndcg@50: 0.0280    
Mon 07 Aug 2023 03:43:46 INFO test result: 
ndcg@50: 0.0284    
Mon 07 Aug 2023 03:43:46 INFO ██ BM3--Best validation results updated!!!
Mon 07 Aug 2023 03:43:52 INFO epoch 195 training [time: 6.79s, train loss: 232.0572]
Mon 07 Aug 2023 03:43:59 INFO epoch 196 training [time: 6.77s, train loss: 232.2320]
Mon 07 Aug 2023 03:44:06 INFO epoch 197 training [time: 6.85s, train loss: 232.2949]
Mon 07 Aug 2023 03:44:13 INFO epoch 198 training [time: 6.82s, train loss: 232.1462]
Mon 07 Aug 2023 03:44:20 INFO epoch 199 training [time: 6.79s, train loss: 232.2538]
Mon 07 Aug 2023 03:45:36 INFO epoch 199 evaluating [time: 38.27s, valid_score: 0.028000]
Mon 07 Aug 2023 03:45:36 INFO valid result: 
ndcg@50: 0.0280    
Mon 07 Aug 2023 03:45:36 INFO test result: 
ndcg@50: 0.0285    
Mon 07 Aug 2023 03:45:42 INFO epoch 200 training [time: 6.81s, train loss: 232.2799]
Mon 07 Aug 2023 03:45:49 INFO epoch 201 training [time: 6.80s, train loss: 232.3815]
Mon 07 Aug 2023 03:45:56 INFO epoch 202 training [time: 6.84s, train loss: 232.2409]
Mon 07 Aug 2023 03:46:03 INFO epoch 203 training [time: 6.82s, train loss: 232.3620]
Mon 07 Aug 2023 03:46:10 INFO epoch 204 training [time: 6.79s, train loss: 232.3179]
Mon 07 Aug 2023 03:47:26 INFO epoch 204 evaluating [time: 38.27s, valid_score: 0.028000]
Mon 07 Aug 2023 03:47:26 INFO valid result: 
ndcg@50: 0.0280    
Mon 07 Aug 2023 03:47:26 INFO test result: 
ndcg@50: 0.0285    
Mon 07 Aug 2023 03:47:32 INFO epoch 205 training [time: 6.79s, train loss: 232.3957]
Mon 07 Aug 2023 03:47:39 INFO epoch 206 training [time: 6.79s, train loss: 232.3700]
Mon 07 Aug 2023 03:47:46 INFO epoch 207 training [time: 6.79s, train loss: 232.3573]
Mon 07 Aug 2023 03:47:53 INFO epoch 208 training [time: 6.80s, train loss: 232.3743]
Mon 07 Aug 2023 03:48:00 INFO epoch 209 training [time: 6.81s, train loss: 232.4830]
Mon 07 Aug 2023 03:49:16 INFO epoch 209 evaluating [time: 38.17s, valid_score: 0.028100]
Mon 07 Aug 2023 03:49:16 INFO valid result: 
ndcg@50: 0.0281    
Mon 07 Aug 2023 03:49:16 INFO test result: 
ndcg@50: 0.0285    
Mon 07 Aug 2023 03:49:16 INFO ██ BM3--Best validation results updated!!!
Mon 07 Aug 2023 03:49:23 INFO epoch 210 training [time: 6.77s, train loss: 232.4872]
Mon 07 Aug 2023 03:49:29 INFO epoch 211 training [time: 6.82s, train loss: 232.4617]
Mon 07 Aug 2023 03:49:36 INFO epoch 212 training [time: 6.82s, train loss: 232.5124]
Mon 07 Aug 2023 03:49:43 INFO epoch 213 training [time: 6.82s, train loss: 232.4638]
Mon 07 Aug 2023 03:49:50 INFO epoch 214 training [time: 6.80s, train loss: 232.5304]
Mon 07 Aug 2023 03:51:07 INFO epoch 214 evaluating [time: 38.48s, valid_score: 0.028100]
Mon 07 Aug 2023 03:51:07 INFO valid result: 
ndcg@50: 0.0281    
Mon 07 Aug 2023 03:51:07 INFO test result: 
ndcg@50: 0.0285    
Mon 07 Aug 2023 03:51:14 INFO epoch 215 training [time: 6.81s, train loss: 232.5990]
Mon 07 Aug 2023 03:51:20 INFO epoch 216 training [time: 6.79s, train loss: 232.6758]
Mon 07 Aug 2023 03:51:27 INFO epoch 217 training [time: 6.80s, train loss: 232.6525]
Mon 07 Aug 2023 03:51:34 INFO epoch 218 training [time: 6.80s, train loss: 232.6481]
Mon 07 Aug 2023 03:51:41 INFO epoch 219 training [time: 6.81s, train loss: 232.6267]
Mon 07 Aug 2023 03:52:57 INFO epoch 219 evaluating [time: 37.72s, valid_score: 0.028100]
Mon 07 Aug 2023 03:52:57 INFO valid result: 
ndcg@50: 0.0281    
Mon 07 Aug 2023 03:52:57 INFO test result: 
ndcg@50: 0.0285    
Mon 07 Aug 2023 03:53:03 INFO epoch 220 training [time: 6.79s, train loss: 232.6996]
Mon 07 Aug 2023 03:53:10 INFO epoch 221 training [time: 6.79s, train loss: 232.7890]
Mon 07 Aug 2023 03:53:17 INFO epoch 222 training [time: 6.79s, train loss: 232.7563]
Mon 07 Aug 2023 03:53:24 INFO epoch 223 training [time: 6.84s, train loss: 232.8044]
Mon 07 Aug 2023 03:53:31 INFO epoch 224 training [time: 6.88s, train loss: 232.7987]
Mon 07 Aug 2023 03:54:47 INFO epoch 224 evaluating [time: 38.37s, valid_score: 0.028000]
Mon 07 Aug 2023 03:54:47 INFO valid result: 
ndcg@50: 0.0280    
Mon 07 Aug 2023 03:54:47 INFO test result: 
ndcg@50: 0.0286    
Mon 07 Aug 2023 03:54:54 INFO epoch 225 training [time: 6.79s, train loss: 232.8383]
Mon 07 Aug 2023 03:55:01 INFO epoch 226 training [time: 6.80s, train loss: 232.8424]
Mon 07 Aug 2023 03:55:08 INFO epoch 227 training [time: 6.84s, train loss: 232.7924]
Mon 07 Aug 2023 03:55:15 INFO epoch 228 training [time: 6.85s, train loss: 232.8448]
Mon 07 Aug 2023 03:55:21 INFO epoch 229 training [time: 6.80s, train loss: 232.8379]
Mon 07 Aug 2023 03:56:38 INFO epoch 229 evaluating [time: 38.52s, valid_score: 0.028000]
Mon 07 Aug 2023 03:56:38 INFO valid result: 
ndcg@50: 0.0280    
Mon 07 Aug 2023 03:56:38 INFO test result: 
ndcg@50: 0.0286    
Mon 07 Aug 2023 03:56:45 INFO epoch 230 training [time: 6.78s, train loss: 232.9122]
Mon 07 Aug 2023 03:56:51 INFO epoch 231 training [time: 6.80s, train loss: 232.9370]
Mon 07 Aug 2023 03:56:58 INFO epoch 232 training [time: 6.80s, train loss: 232.9305]
Mon 07 Aug 2023 03:57:05 INFO epoch 233 training [time: 6.81s, train loss: 233.0340]
Mon 07 Aug 2023 03:57:12 INFO epoch 234 training [time: 6.89s, train loss: 232.9475]
Mon 07 Aug 2023 03:58:29 INFO epoch 234 evaluating [time: 38.18s, valid_score: 0.028100]
Mon 07 Aug 2023 03:58:29 INFO valid result: 
ndcg@50: 0.0281    
Mon 07 Aug 2023 03:58:29 INFO test result: 
ndcg@50: 0.0286    
Mon 07 Aug 2023 03:58:36 INFO epoch 235 training [time: 6.85s, train loss: 232.9485]
Mon 07 Aug 2023 03:58:42 INFO epoch 236 training [time: 6.78s, train loss: 233.0274]
Mon 07 Aug 2023 03:58:49 INFO epoch 237 training [time: 6.77s, train loss: 232.9047]
Mon 07 Aug 2023 03:58:56 INFO epoch 238 training [time: 6.81s, train loss: 232.9778]
Mon 07 Aug 2023 03:59:03 INFO epoch 239 training [time: 6.81s, train loss: 233.0363]
Mon 07 Aug 2023 04:00:19 INFO epoch 239 evaluating [time: 38.12s, valid_score: 0.028100]
Mon 07 Aug 2023 04:00:19 INFO valid result: 
ndcg@50: 0.0281    
Mon 07 Aug 2023 04:00:19 INFO test result: 
ndcg@50: 0.0286    
Mon 07 Aug 2023 04:00:26 INFO epoch 240 training [time: 6.85s, train loss: 233.0286]
Mon 07 Aug 2023 04:00:33 INFO epoch 241 training [time: 6.88s, train loss: 233.1267]
Mon 07 Aug 2023 04:00:40 INFO epoch 242 training [time: 6.89s, train loss: 233.1643]
Mon 07 Aug 2023 04:00:46 INFO epoch 243 training [time: 6.89s, train loss: 233.1091]
Mon 07 Aug 2023 04:00:53 INFO epoch 244 training [time: 6.90s, train loss: 233.1637]
Mon 07 Aug 2023 04:02:09 INFO epoch 244 evaluating [time: 37.93s, valid_score: 0.028200]
Mon 07 Aug 2023 04:02:09 INFO valid result: 
ndcg@50: 0.0282    
Mon 07 Aug 2023 04:02:09 INFO test result: 
ndcg@50: 0.0287    
Mon 07 Aug 2023 04:02:09 INFO ██ BM3--Best validation results updated!!!
Mon 07 Aug 2023 04:02:16 INFO epoch 245 training [time: 6.84s, train loss: 233.0971]
Mon 07 Aug 2023 04:02:23 INFO epoch 246 training [time: 6.81s, train loss: 233.1709]
Mon 07 Aug 2023 04:02:30 INFO epoch 247 training [time: 6.82s, train loss: 233.2186]
Mon 07 Aug 2023 04:02:37 INFO epoch 248 training [time: 6.81s, train loss: 233.1805]
Mon 07 Aug 2023 04:02:43 INFO epoch 249 training [time: 6.76s, train loss: 233.1589]
Mon 07 Aug 2023 04:03:59 INFO epoch 249 evaluating [time: 38.43s, valid_score: 0.028300]
Mon 07 Aug 2023 04:03:59 INFO valid result: 
ndcg@50: 0.0283    
Mon 07 Aug 2023 04:03:59 INFO test result: 
ndcg@50: 0.0287    
Mon 07 Aug 2023 04:03:59 INFO ██ BM3--Best validation results updated!!!
Mon 07 Aug 2023 04:04:06 INFO epoch 250 training [time: 6.67s, train loss: 233.1866]
Mon 07 Aug 2023 04:04:13 INFO epoch 251 training [time: 6.81s, train loss: 233.2376]
Mon 07 Aug 2023 04:04:19 INFO epoch 252 training [time: 6.79s, train loss: 233.2647]
Mon 07 Aug 2023 04:04:26 INFO epoch 253 training [time: 6.81s, train loss: 233.2679]
Mon 07 Aug 2023 04:04:33 INFO epoch 254 training [time: 6.78s, train loss: 233.3372]
Mon 07 Aug 2023 04:05:49 INFO epoch 254 evaluating [time: 38.21s, valid_score: 0.028300]
Mon 07 Aug 2023 04:05:49 INFO valid result: 
ndcg@50: 0.0283    
Mon 07 Aug 2023 04:05:49 INFO test result: 
ndcg@50: 0.0287    
Mon 07 Aug 2023 04:05:56 INFO epoch 255 training [time: 6.71s, train loss: 233.2730]
Mon 07 Aug 2023 04:06:03 INFO epoch 256 training [time: 6.80s, train loss: 233.3086]
Mon 07 Aug 2023 04:06:09 INFO epoch 257 training [time: 6.80s, train loss: 233.3244]
Mon 07 Aug 2023 04:06:16 INFO epoch 258 training [time: 6.81s, train loss: 233.3426]
Mon 07 Aug 2023 04:06:23 INFO epoch 259 training [time: 6.81s, train loss: 233.3665]
Mon 07 Aug 2023 04:07:40 INFO epoch 259 evaluating [time: 38.81s, valid_score: 0.028300]
Mon 07 Aug 2023 04:07:40 INFO valid result: 
ndcg@50: 0.0283    
Mon 07 Aug 2023 04:07:40 INFO test result: 
ndcg@50: 0.0287    
Mon 07 Aug 2023 04:07:47 INFO epoch 260 training [time: 6.78s, train loss: 233.3292]
Mon 07 Aug 2023 04:07:54 INFO epoch 261 training [time: 6.79s, train loss: 233.3863]
Mon 07 Aug 2023 04:08:01 INFO epoch 262 training [time: 6.77s, train loss: 233.3971]
Mon 07 Aug 2023 04:08:07 INFO epoch 263 training [time: 6.77s, train loss: 233.4423]
Mon 07 Aug 2023 04:08:14 INFO epoch 264 training [time: 6.81s, train loss: 233.3529]
Mon 07 Aug 2023 04:09:30 INFO epoch 264 evaluating [time: 37.66s, valid_score: 0.028300]
Mon 07 Aug 2023 04:09:30 INFO valid result: 
ndcg@50: 0.0283    
Mon 07 Aug 2023 04:09:30 INFO test result: 
ndcg@50: 0.0287    
Mon 07 Aug 2023 04:09:37 INFO epoch 265 training [time: 6.75s, train loss: 233.4385]
Mon 07 Aug 2023 04:09:43 INFO epoch 266 training [time: 6.81s, train loss: 233.4967]
Mon 07 Aug 2023 04:09:50 INFO epoch 267 training [time: 6.80s, train loss: 233.5085]
Mon 07 Aug 2023 04:09:57 INFO epoch 268 training [time: 6.82s, train loss: 233.5308]
Mon 07 Aug 2023 04:10:04 INFO epoch 269 training [time: 6.82s, train loss: 233.5114]
Mon 07 Aug 2023 04:11:19 INFO epoch 269 evaluating [time: 37.77s, valid_score: 0.028300]
Mon 07 Aug 2023 04:11:19 INFO valid result: 
ndcg@50: 0.0283    
Mon 07 Aug 2023 04:11:19 INFO test result: 
ndcg@50: 0.0287    
Mon 07 Aug 2023 04:11:26 INFO epoch 270 training [time: 6.79s, train loss: 233.5675]
Mon 07 Aug 2023 04:11:33 INFO epoch 271 training [time: 6.83s, train loss: 233.5878]
Mon 07 Aug 2023 04:11:40 INFO epoch 272 training [time: 6.80s, train loss: 233.4588]
Mon 07 Aug 2023 04:11:47 INFO epoch 273 training [time: 6.80s, train loss: 233.5372]
Mon 07 Aug 2023 04:11:53 INFO epoch 274 training [time: 6.81s, train loss: 233.5920]
Mon 07 Aug 2023 04:13:09 INFO epoch 274 evaluating [time: 38.17s, valid_score: 0.028300]
Mon 07 Aug 2023 04:13:09 INFO valid result: 
ndcg@50: 0.0283    
Mon 07 Aug 2023 04:13:09 INFO test result: 
ndcg@50: 0.0287    
Mon 07 Aug 2023 04:13:16 INFO epoch 275 training [time: 6.82s, train loss: 233.5943]
Mon 07 Aug 2023 04:13:23 INFO epoch 276 training [time: 6.85s, train loss: 233.6202]
Mon 07 Aug 2023 04:13:30 INFO epoch 277 training [time: 6.80s, train loss: 233.6403]
Mon 07 Aug 2023 04:13:37 INFO epoch 278 training [time: 6.80s, train loss: 233.6723]
Mon 07 Aug 2023 04:13:44 INFO epoch 279 training [time: 6.81s, train loss: 233.7602]
Mon 07 Aug 2023 04:15:00 INFO epoch 279 evaluating [time: 38.30s, valid_score: 0.028400]
Mon 07 Aug 2023 04:15:00 INFO valid result: 
ndcg@50: 0.0284    
Mon 07 Aug 2023 04:15:00 INFO test result: 
ndcg@50: 0.0288    
Mon 07 Aug 2023 04:15:00 INFO ██ BM3--Best validation results updated!!!
Mon 07 Aug 2023 04:15:06 INFO epoch 280 training [time: 6.79s, train loss: 233.7455]
Mon 07 Aug 2023 04:15:13 INFO epoch 281 training [time: 6.80s, train loss: 233.6915]
Mon 07 Aug 2023 04:15:20 INFO epoch 282 training [time: 6.84s, train loss: 233.7039]
Mon 07 Aug 2023 04:15:27 INFO epoch 283 training [time: 6.83s, train loss: 233.8093]
Mon 07 Aug 2023 04:15:34 INFO epoch 284 training [time: 6.82s, train loss: 233.7040]
Mon 07 Aug 2023 04:16:51 INFO epoch 284 evaluating [time: 38.40s, valid_score: 0.028400]
Mon 07 Aug 2023 04:16:51 INFO valid result: 
ndcg@50: 0.0284    
Mon 07 Aug 2023 04:16:51 INFO test result: 
ndcg@50: 0.0288    
Mon 07 Aug 2023 04:16:58 INFO epoch 285 training [time: 6.77s, train loss: 233.7910]
Mon 07 Aug 2023 04:17:04 INFO epoch 286 training [time: 6.79s, train loss: 233.8284]
Mon 07 Aug 2023 04:17:11 INFO epoch 287 training [time: 6.81s, train loss: 233.7512]
Mon 07 Aug 2023 04:17:18 INFO epoch 288 training [time: 6.79s, train loss: 233.7991]
Mon 07 Aug 2023 04:17:25 INFO epoch 289 training [time: 6.80s, train loss: 233.7822]
Mon 07 Aug 2023 04:18:41 INFO epoch 289 evaluating [time: 38.05s, valid_score: 0.028300]
Mon 07 Aug 2023 04:18:41 INFO valid result: 
ndcg@50: 0.0283    
Mon 07 Aug 2023 04:18:41 INFO test result: 
ndcg@50: 0.0288    
Mon 07 Aug 2023 04:18:47 INFO epoch 290 training [time: 6.80s, train loss: 233.8961]
Mon 07 Aug 2023 04:18:54 INFO epoch 291 training [time: 6.81s, train loss: 233.7845]
Mon 07 Aug 2023 04:19:01 INFO epoch 292 training [time: 6.79s, train loss: 233.7748]
Mon 07 Aug 2023 04:19:08 INFO epoch 293 training [time: 6.85s, train loss: 233.8992]
Mon 07 Aug 2023 04:19:15 INFO epoch 294 training [time: 6.82s, train loss: 233.8303]
Mon 07 Aug 2023 04:20:31 INFO epoch 294 evaluating [time: 37.93s, valid_score: 0.028300]
Mon 07 Aug 2023 04:20:31 INFO valid result: 
ndcg@50: 0.0283    
Mon 07 Aug 2023 04:20:31 INFO test result: 
ndcg@50: 0.0288    
Mon 07 Aug 2023 04:20:37 INFO epoch 295 training [time: 6.81s, train loss: 233.9046]
Mon 07 Aug 2023 04:20:44 INFO epoch 296 training [time: 6.79s, train loss: 233.8038]
Mon 07 Aug 2023 04:20:51 INFO epoch 297 training [time: 6.77s, train loss: 233.8914]
Mon 07 Aug 2023 04:20:58 INFO epoch 298 training [time: 6.78s, train loss: 233.9810]
Mon 07 Aug 2023 04:21:05 INFO epoch 299 training [time: 6.82s, train loss: 233.9501]
Mon 07 Aug 2023 04:22:21 INFO epoch 299 evaluating [time: 38.50s, valid_score: 0.028300]
Mon 07 Aug 2023 04:22:21 INFO valid result: 
ndcg@50: 0.0283    
Mon 07 Aug 2023 04:22:21 INFO test result: 
ndcg@50: 0.0288    
Mon 07 Aug 2023 04:22:28 INFO epoch 300 training [time: 6.80s, train loss: 234.0127]
Mon 07 Aug 2023 04:22:34 INFO epoch 301 training [time: 6.77s, train loss: 234.0063]
Mon 07 Aug 2023 04:22:41 INFO epoch 302 training [time: 6.78s, train loss: 233.9223]
Mon 07 Aug 2023 04:22:48 INFO epoch 303 training [time: 6.78s, train loss: 233.9967]
Mon 07 Aug 2023 04:22:55 INFO epoch 304 training [time: 6.81s, train loss: 233.9984]
Mon 07 Aug 2023 04:24:11 INFO epoch 304 evaluating [time: 38.11s, valid_score: 0.028300]
Mon 07 Aug 2023 04:24:11 INFO valid result: 
ndcg@50: 0.0283    
Mon 07 Aug 2023 04:24:11 INFO test result: 
ndcg@50: 0.0288    
Mon 07 Aug 2023 04:24:18 INFO epoch 305 training [time: 6.78s, train loss: 234.0587]
Mon 07 Aug 2023 04:24:25 INFO epoch 306 training [time: 6.79s, train loss: 234.0531]
Mon 07 Aug 2023 04:24:32 INFO epoch 307 training [time: 6.80s, train loss: 233.9861]
Mon 07 Aug 2023 04:24:38 INFO epoch 308 training [time: 6.79s, train loss: 234.1755]
Mon 07 Aug 2023 04:24:45 INFO epoch 309 training [time: 6.82s, train loss: 234.0272]
Mon 07 Aug 2023 04:26:01 INFO epoch 309 evaluating [time: 38.27s, valid_score: 0.028400]
Mon 07 Aug 2023 04:26:01 INFO valid result: 
ndcg@50: 0.0284    
Mon 07 Aug 2023 04:26:01 INFO test result: 
ndcg@50: 0.0288    
Mon 07 Aug 2023 04:26:08 INFO epoch 310 training [time: 6.81s, train loss: 234.0234]
Mon 07 Aug 2023 04:26:15 INFO epoch 311 training [time: 6.82s, train loss: 234.1084]
Mon 07 Aug 2023 04:26:22 INFO epoch 312 training [time: 6.81s, train loss: 234.2089]
Mon 07 Aug 2023 04:26:28 INFO epoch 313 training [time: 6.83s, train loss: 234.1827]
Mon 07 Aug 2023 04:26:35 INFO epoch 314 training [time: 6.82s, train loss: 234.1703]
Mon 07 Aug 2023 04:27:52 INFO epoch 314 evaluating [time: 38.26s, valid_score: 0.028400]
Mon 07 Aug 2023 04:27:52 INFO valid result: 
ndcg@50: 0.0284    
Mon 07 Aug 2023 04:27:52 INFO test result: 
ndcg@50: 0.0288    
Mon 07 Aug 2023 04:27:59 INFO epoch 315 training [time: 6.63s, train loss: 234.1039]
Mon 07 Aug 2023 04:28:05 INFO epoch 316 training [time: 6.74s, train loss: 234.0800]
Mon 07 Aug 2023 04:28:12 INFO epoch 317 training [time: 6.78s, train loss: 234.1116]
Mon 07 Aug 2023 04:28:19 INFO epoch 318 training [time: 6.79s, train loss: 234.0593]
Mon 07 Aug 2023 04:28:26 INFO epoch 319 training [time: 6.80s, train loss: 234.2838]
Mon 07 Aug 2023 04:29:42 INFO epoch 319 evaluating [time: 37.98s, valid_score: 0.028300]
Mon 07 Aug 2023 04:29:42 INFO valid result: 
ndcg@50: 0.0283    
Mon 07 Aug 2023 04:29:42 INFO test result: 
ndcg@50: 0.0288    
Mon 07 Aug 2023 04:29:49 INFO epoch 320 training [time: 6.78s, train loss: 234.2611]
Mon 07 Aug 2023 04:29:55 INFO epoch 321 training [time: 6.78s, train loss: 234.2185]
Mon 07 Aug 2023 04:30:02 INFO epoch 322 training [time: 6.77s, train loss: 234.2373]
Mon 07 Aug 2023 04:30:09 INFO epoch 323 training [time: 6.79s, train loss: 234.2563]
Mon 07 Aug 2023 04:30:16 INFO epoch 324 training [time: 6.84s, train loss: 234.1704]
Mon 07 Aug 2023 04:31:32 INFO epoch 324 evaluating [time: 38.11s, valid_score: 0.028400]
Mon 07 Aug 2023 04:31:32 INFO valid result: 
ndcg@50: 0.0284    
Mon 07 Aug 2023 04:31:32 INFO test result: 
ndcg@50: 0.0288    
Mon 07 Aug 2023 04:31:38 INFO epoch 325 training [time: 6.79s, train loss: 234.2695]
Mon 07 Aug 2023 04:31:45 INFO epoch 326 training [time: 6.79s, train loss: 234.2722]
Mon 07 Aug 2023 04:31:52 INFO epoch 327 training [time: 6.79s, train loss: 234.3336]
Mon 07 Aug 2023 04:31:59 INFO epoch 328 training [time: 6.80s, train loss: 234.3205]
Mon 07 Aug 2023 04:32:06 INFO epoch 329 training [time: 6.81s, train loss: 234.2978]
Mon 07 Aug 2023 04:33:21 INFO epoch 329 evaluating [time: 38.04s, valid_score: 0.028300]
Mon 07 Aug 2023 04:33:21 INFO valid result: 
ndcg@50: 0.0283    
Mon 07 Aug 2023 04:33:21 INFO test result: 
ndcg@50: 0.0288    
Mon 07 Aug 2023 04:33:28 INFO epoch 330 training [time: 6.82s, train loss: 234.2888]
Mon 07 Aug 2023 04:33:35 INFO epoch 331 training [time: 6.83s, train loss: 234.4033]
Mon 07 Aug 2023 04:33:42 INFO epoch 332 training [time: 6.80s, train loss: 234.3924]
Mon 07 Aug 2023 04:33:48 INFO epoch 333 training [time: 6.79s, train loss: 234.3127]
Mon 07 Aug 2023 04:33:55 INFO epoch 334 training [time: 6.80s, train loss: 234.3562]
Mon 07 Aug 2023 04:35:12 INFO epoch 334 evaluating [time: 38.19s, valid_score: 0.028300]
Mon 07 Aug 2023 04:35:12 INFO valid result: 
ndcg@50: 0.0283    
Mon 07 Aug 2023 04:35:12 INFO test result: 
ndcg@50: 0.0288    
Mon 07 Aug 2023 04:35:19 INFO epoch 335 training [time: 6.84s, train loss: 234.4447]
Mon 07 Aug 2023 04:35:26 INFO epoch 336 training [time: 6.79s, train loss: 234.4731]
Mon 07 Aug 2023 04:35:32 INFO epoch 337 training [time: 6.80s, train loss: 234.4310]
Mon 07 Aug 2023 04:35:39 INFO epoch 338 training [time: 6.80s, train loss: 234.4321]
Mon 07 Aug 2023 04:35:46 INFO epoch 339 training [time: 6.81s, train loss: 234.5075]
Mon 07 Aug 2023 04:37:01 INFO epoch 339 evaluating [time: 37.96s, valid_score: 0.028400]
Mon 07 Aug 2023 04:37:01 INFO valid result: 
ndcg@50: 0.0284    
Mon 07 Aug 2023 04:37:01 INFO test result: 
ndcg@50: 0.0288    
Mon 07 Aug 2023 04:37:08 INFO epoch 340 training [time: 6.77s, train loss: 234.3399]
Mon 07 Aug 2023 04:37:15 INFO epoch 341 training [time: 6.80s, train loss: 234.4513]
Mon 07 Aug 2023 04:37:22 INFO epoch 342 training [time: 6.77s, train loss: 234.4499]
Mon 07 Aug 2023 04:37:29 INFO epoch 343 training [time: 6.77s, train loss: 234.4803]
Mon 07 Aug 2023 04:37:35 INFO epoch 344 training [time: 6.79s, train loss: 234.5161]
Mon 07 Aug 2023 04:38:52 INFO epoch 344 evaluating [time: 38.25s, valid_score: 0.028300]
Mon 07 Aug 2023 04:38:52 INFO valid result: 
ndcg@50: 0.0283    
Mon 07 Aug 2023 04:38:52 INFO test result: 
ndcg@50: 0.0288    
Mon 07 Aug 2023 04:38:59 INFO epoch 345 training [time: 6.78s, train loss: 234.5787]
Mon 07 Aug 2023 04:39:06 INFO epoch 346 training [time: 6.80s, train loss: 234.4377]
Mon 07 Aug 2023 04:39:12 INFO epoch 347 training [time: 6.80s, train loss: 234.4588]
Mon 07 Aug 2023 04:39:19 INFO epoch 348 training [time: 6.80s, train loss: 234.5572]
Mon 07 Aug 2023 04:39:26 INFO epoch 349 training [time: 6.80s, train loss: 234.4139]
Mon 07 Aug 2023 04:40:42 INFO epoch 349 evaluating [time: 37.96s, valid_score: 0.028400]
Mon 07 Aug 2023 04:40:42 INFO valid result: 
ndcg@50: 0.0284    
Mon 07 Aug 2023 04:40:42 INFO test result: 
ndcg@50: 0.0288    
Mon 07 Aug 2023 04:40:48 INFO epoch 350 training [time: 6.80s, train loss: 234.5606]
Mon 07 Aug 2023 04:40:55 INFO epoch 351 training [time: 6.81s, train loss: 234.5874]
Mon 07 Aug 2023 04:41:02 INFO epoch 352 training [time: 6.81s, train loss: 234.5766]
Mon 07 Aug 2023 04:41:09 INFO epoch 353 training [time: 6.85s, train loss: 234.5718]
Mon 07 Aug 2023 04:41:16 INFO epoch 354 training [time: 6.82s, train loss: 234.7708]
Mon 07 Aug 2023 04:42:32 INFO epoch 354 evaluating [time: 37.84s, valid_score: 0.028400]
Mon 07 Aug 2023 04:42:32 INFO valid result: 
ndcg@50: 0.0284    
Mon 07 Aug 2023 04:42:32 INFO test result: 
ndcg@50: 0.0289    
Mon 07 Aug 2023 04:42:38 INFO epoch 355 training [time: 6.81s, train loss: 234.6129]
Mon 07 Aug 2023 04:42:45 INFO epoch 356 training [time: 6.84s, train loss: 234.6006]
Mon 07 Aug 2023 04:42:52 INFO epoch 357 training [time: 6.83s, train loss: 234.5964]
Mon 07 Aug 2023 04:42:59 INFO epoch 358 training [time: 6.81s, train loss: 234.6551]
Mon 07 Aug 2023 04:43:06 INFO epoch 359 training [time: 6.80s, train loss: 234.7049]
Mon 07 Aug 2023 04:44:22 INFO epoch 359 evaluating [time: 38.02s, valid_score: 0.028400]
Mon 07 Aug 2023 04:44:22 INFO valid result: 
ndcg@50: 0.0284    
Mon 07 Aug 2023 04:44:22 INFO test result: 
ndcg@50: 0.0288    
Mon 07 Aug 2023 04:44:28 INFO epoch 360 training [time: 6.80s, train loss: 234.7272]
Mon 07 Aug 2023 04:44:35 INFO epoch 361 training [time: 6.80s, train loss: 234.6381]
Mon 07 Aug 2023 04:44:42 INFO epoch 362 training [time: 6.81s, train loss: 234.6711]
Mon 07 Aug 2023 04:44:49 INFO epoch 363 training [time: 6.77s, train loss: 234.6456]
Mon 07 Aug 2023 04:44:56 INFO epoch 364 training [time: 6.79s, train loss: 234.7019]
Mon 07 Aug 2023 04:46:11 INFO epoch 364 evaluating [time: 37.68s, valid_score: 0.028400]
Mon 07 Aug 2023 04:46:11 INFO valid result: 
ndcg@50: 0.0284    
Mon 07 Aug 2023 04:46:11 INFO test result: 
ndcg@50: 0.0288    
Mon 07 Aug 2023 04:46:18 INFO epoch 365 training [time: 6.78s, train loss: 234.7524]
Mon 07 Aug 2023 04:46:25 INFO epoch 366 training [time: 6.80s, train loss: 234.7933]
Mon 07 Aug 2023 04:46:32 INFO epoch 367 training [time: 6.78s, train loss: 234.7450]
Mon 07 Aug 2023 04:46:38 INFO epoch 368 training [time: 6.76s, train loss: 234.7597]
Mon 07 Aug 2023 04:46:45 INFO epoch 369 training [time: 6.80s, train loss: 234.7459]
Mon 07 Aug 2023 04:48:01 INFO epoch 369 evaluating [time: 38.05s, valid_score: 0.028400]
Mon 07 Aug 2023 04:48:01 INFO valid result: 
ndcg@50: 0.0284    
Mon 07 Aug 2023 04:48:01 INFO test result: 
ndcg@50: 0.0288    
Mon 07 Aug 2023 04:48:08 INFO epoch 370 training [time: 6.80s, train loss: 234.7291]
Mon 07 Aug 2023 04:48:15 INFO epoch 371 training [time: 6.83s, train loss: 234.8750]
Mon 07 Aug 2023 04:48:22 INFO epoch 372 training [time: 6.81s, train loss: 234.8037]
Mon 07 Aug 2023 04:48:28 INFO epoch 373 training [time: 6.82s, train loss: 234.7827]
Mon 07 Aug 2023 04:48:35 INFO epoch 374 training [time: 6.81s, train loss: 234.8275]
Mon 07 Aug 2023 04:49:52 INFO epoch 374 evaluating [time: 38.32s, valid_score: 0.028300]
Mon 07 Aug 2023 04:49:52 INFO valid result: 
ndcg@50: 0.0283    
Mon 07 Aug 2023 04:49:52 INFO test result: 
ndcg@50: 0.0288    
Mon 07 Aug 2023 04:49:59 INFO epoch 375 training [time: 6.79s, train loss: 234.8450]
Mon 07 Aug 2023 04:50:06 INFO epoch 376 training [time: 6.84s, train loss: 234.8473]
Mon 07 Aug 2023 04:50:12 INFO epoch 377 training [time: 6.80s, train loss: 234.8642]
Mon 07 Aug 2023 04:50:19 INFO epoch 378 training [time: 6.77s, train loss: 234.8872]
Mon 07 Aug 2023 04:50:26 INFO epoch 379 training [time: 6.80s, train loss: 234.8308]
Mon 07 Aug 2023 04:51:42 INFO epoch 379 evaluating [time: 38.40s, valid_score: 0.028400]
Mon 07 Aug 2023 04:51:42 INFO valid result: 
ndcg@50: 0.0284    
Mon 07 Aug 2023 04:51:42 INFO test result: 
ndcg@50: 0.0288    
Mon 07 Aug 2023 04:51:49 INFO epoch 380 training [time: 6.77s, train loss: 234.9557]
Mon 07 Aug 2023 04:51:55 INFO epoch 381 training [time: 6.80s, train loss: 234.8466]
Mon 07 Aug 2023 04:52:02 INFO epoch 382 training [time: 6.81s, train loss: 234.8704]
Mon 07 Aug 2023 04:52:09 INFO epoch 383 training [time: 6.80s, train loss: 234.9095]
Mon 07 Aug 2023 04:52:16 INFO epoch 384 training [time: 6.80s, train loss: 234.9358]
Mon 07 Aug 2023 04:53:32 INFO epoch 384 evaluating [time: 37.84s, valid_score: 0.028400]
Mon 07 Aug 2023 04:53:32 INFO valid result: 
ndcg@50: 0.0284    
Mon 07 Aug 2023 04:53:32 INFO test result: 
ndcg@50: 0.0288    
Mon 07 Aug 2023 04:53:32 INFO +++++Finished training, best eval result in epoch 279
Mon 07 Aug 2023 04:53:32 INFO save_best_val_model
Mon 07 Aug 2023 04:53:33 INFO saving_per_param_model
Mon 07 Aug 2023 04:53:35 INFO best valid result: ndcg@50: 0.0284    
Mon 07 Aug 2023 04:53:35 INFO test result: ndcg@50: 0.0288    
Mon 07 Aug 2023 04:53:35 INFO ████Current BEST████:
Parameters: ['n_layers', 'reg_weight', 'dropout', 'seed']=(1, 0.1, 0.3, 999),
Valid: ndcg@50: 0.0284    ,
Test: ndcg@50: 0.0288    


